<?xml version="1.0" encoding="UTF-8"?>
<testng-results ignored="5" total="6" passed="1" failed="0" skipped="0">
  <reporter-output>
  </reporter-output>
  <suite started-at="2023-07-25T03:08:56Z" name="Default suite" finished-at="2023-07-25T03:09:06Z" duration-ms="9849">
    <groups>
    </groups>
    <test started-at="2023-07-25T03:08:56Z" name="Default test" finished-at="2023-07-25T03:09:06Z" duration-ms="9849">
      <class name="actions.MouseOperations">
        <test-method is-config="true" signature="beforeMethod()[pri:0, instance:actions.MouseOperations@41e1e210]" started-at="2023-07-25T08:38:56Z" name="beforeMethod" finished-at="2023-07-25T08:39:04Z" duration-ms="7519" status="PASS">
          <reporter-output>
          </reporter-output>
        </test-method> <!-- beforeMethod -->
        <test-method signature="autosuggestion()[pri:0, instance:actions.MouseOperations@41e1e210]" started-at="2023-07-25T08:39:04Z" name="autosuggestion" finished-at="2023-07-25T08:39:06Z" duration-ms="2282" status="PASS">
          <reporter-output>
          </reporter-output>
        </test-method> <!-- autosuggestion -->
      </class> <!-- actions.MouseOperations -->
    </test> <!-- Default test -->
  </suite> <!-- Default suite -->
</testng-results>
