<?xml version="1.0" encoding="UTF-8"?>
<!-- Generated by org.testng.reporters.JUnitXMLReporter -->
<testsuite ignored="0" hostname="PREM-OPTIMUS" failures="0" tests="1" name="firefoxTestng" time="0.008" errors="0" timestamp="16 Jul 2023 18:55:49 GMT">
  <testcase classname="pack.TNg_01" name="@BeforeMethod startProcess" time="0.002">
    <failure type="java.lang.NullPointerException" message="Cannot invoke &amp;quot;org.openqa.selenium.WebDriver.manage()&amp;quot; because &amp;quot;pack.BaseTest.driver&amp;quot; is null">
      <![CDATA[java.lang.NullPointerException: Cannot invoke "org.openqa.selenium.WebDriver.manage()" because "pack.BaseTest.driver" is nullat pack.BaseTest.launch(BaseTest.java:110)at pack.TNg_01.startProcess(TNg_01.java:25)... Removed 28 stack frames]]>
    </failure>
  </testcase> <!-- @BeforeMethod startProcess -->
  <testcase classname="pack.TNg_01" name="@AfterMethod endProcess" time="0.0">
    <skipped/>
  </testcase> <!-- @AfterMethod endProcess -->
  <testcase classname="pack.TNg_01" name="amazon" time="0.0">
    <skipped/>
  </testcase> <!-- amazon -->
</testsuite> <!-- firefoxTestng -->
