<?xml version="1.0" encoding="UTF-8"?>
<!-- Generated by org.testng.reporters.JUnitXMLReporter -->
<testsuite ignored="5" hostname="PREM-OPTIMUS" failures="0" tests="1" name="Default test" time="9.849" errors="0" timestamp="25 Jul 2023 03:09:06 GMT">
  <testcase classname="actions.MouseOperations" name="autosuggestion" time="2.282"/>
  <testcase classname="actions.MouseOperations" name="browserSlider" time="0.0">
    <ignored/>
  </testcase> <!-- browserSlider -->
  <testcase classname="actions.MouseOperations" name="dragDrop" time="0.0">
    <ignored/>
  </testcase> <!-- dragDrop -->
  <testcase classname="actions.MouseOperations" name="rightclick" time="0.0">
    <ignored/>
  </testcase> <!-- rightclick -->
  <testcase classname="actions.MouseOperations" name="Slider" time="0.0">
    <ignored/>
  </testcase> <!-- Slider -->
  <testcase classname="actions.MouseOperations" name="moveToElement" time="0.0">
    <ignored/>
  </testcase> <!-- moveToElement -->
</testsuite> <!-- Default test -->
